<?xml version="1.0" encoding="UTF-8"?>
<testng-results ignored="0" total="1" passed="1" failed="0" skipped="0">
  <reporter-output>
  </reporter-output>
  <suite started-at="2024-02-21T11:31:20 IST" name="Default suite" finished-at="2024-02-21T11:32:16 IST" duration-ms="55203">
    <groups>
    </groups>
    <test started-at="2024-02-21T11:31:20 IST" name="Default test" finished-at="2024-02-21T11:32:16 IST" duration-ms="55203">
      <class name="com.TestScripts.Pages.Loginpage">
        <test-method is-config="true" signature="beforeTest()[pri:0, instance:com.TestScripts.Pages.Loginpage@7d9d0818]" started-at="2024-02-21T11:31:20 IST" name="beforeTest" finished-at="2024-02-21T11:31:31 IST" duration-ms="10632" status="PASS">
          <reporter-output>
          </reporter-output>
        </test-method> <!-- beforeTest -->
        <test-method signature="BestDalsandOffers()[pri:0, instance:com.TestScripts.Pages.Loginpage@7d9d0818]" started-at="2024-02-21T11:31:31 IST" name="BestDalsandOffers" finished-at="2024-02-21T11:32:15 IST" duration-ms="43899" status="PASS">
          <reporter-output>
          </reporter-output>
        </test-method> <!-- BestDalsandOffers -->
        <test-method is-config="true" signature="afterTest()[pri:0, instance:com.TestScripts.Pages.Loginpage@7d9d0818]" started-at="2024-02-21T11:32:15 IST" name="afterTest" finished-at="2024-02-21T11:32:16 IST" duration-ms="591" status="PASS">
          <reporter-output>
          </reporter-output>
        </test-method> <!-- afterTest -->
      </class> <!-- com.TestScripts.Pages.Loginpage -->
    </test> <!-- Default test -->
  </suite> <!-- Default suite -->
</testng-results>
